<?xml version="1.0" encoding="UTF-8"?>
<testng-results skipped="0" failed="0" ignored="0" total="1" passed="1">
  <reporter-output>
  </reporter-output>
  <suite name="Default suite" duration-ms="24" started-at="2021-09-23T06:26:20Z" finished-at="2021-09-23T06:26:20Z">
    <groups>
    </groups>
    <test name="Default test" duration-ms="24" started-at="2021-09-23T06:26:20Z" finished-at="2021-09-23T06:26:20Z">
      <class name="Module1.FirstPage">
        <test-method status="PASS" signature="HomeScreen()[pri:0, instance:Module1.FirstPage@458ad742]" name="HomeScreen" duration-ms="8" started-at="2021-09-23T11:56:20Z" finished-at="2021-09-23T11:56:20Z">
          <reporter-output>
          </reporter-output>
        </test-method> <!-- HomeScreen -->
      </class> <!-- Module1.FirstPage -->
    </test> <!-- Default test -->
  </suite> <!-- Default suite -->
</testng-results>
